app/build/intermediates/manifest_merge_blame_file/release/manifest-merger-blame-release-report.txt
1<?xml version="1.0" encoding="utf-8"?>
2<manifest xmlns:android="http://schemas.android.com/apk/res/android"
3    package="com.techroneapps.premierfunquiz"
4    android:versionCode="2"
5    android:versionName="2.0" >
6
7    <uses-sdk
8        android:minSdkVersion="16"
8-->src\main\AndroidManifest.xml
9        android:targetSdkVersion="31" />
9-->src\main\AndroidManifest.xml
10
11    <uses-permission android:name="android.permission.INTERNET" />
11-->src\main\AndroidManifest.xml:5:5-67
11-->src\main\AndroidManifest.xml:5:22-64
12    <uses-permission android:name="com.android.vending.BILLING" />
12-->[com.android.billingclient:billing:4.0.0] AndroidManifest.xml:10:5-67
12-->[com.android.billingclient:billing:4.0.0] AndroidManifest.xml:10:22-64
13    <uses-permission android:name="android.permission.ACCESS_NETWORK_STATE" />
13-->[com.google.android.gms:play-services-ads-lite:19.3.0] AndroidManifest.xml:24:5-79
13-->[com.google.android.gms:play-services-ads-lite:19.3.0] AndroidManifest.xml:24:22-76
14    <uses-permission android:name="android.permission.WAKE_LOCK" />
14-->[com.google.android.gms:play-services-measurement-sdk-api:17.1.0] AndroidManifest.xml:25:5-68
14-->[com.google.android.gms:play-services-measurement-sdk-api:17.1.0] AndroidManifest.xml:25:22-65
15
16    <application
16-->src\main\AndroidManifest.xml:7:5-28:19
17        android:allowBackup="true"
17-->src\main\AndroidManifest.xml:8:9-35
18        android:appComponentFactory="androidx.core.app.CoreComponentFactory"
18-->[androidx.core:core:1.5.0] AndroidManifest.xml:24:18-86
19        android:icon="@mipmap/ic_launcher"
19-->src\main\AndroidManifest.xml:9:9-43
20        android:label="@string/app_name"
20-->src\main\AndroidManifest.xml:10:9-41
21        android:roundIcon="@mipmap/ic_launcher_round"
21-->src\main\AndroidManifest.xml:11:9-54
22        android:supportsRtl="true"
22-->src\main\AndroidManifest.xml:12:9-35
23        android:theme="@style/AppTheme" >
23-->src\main\AndroidManifest.xml:13:9-40
24        <activity
24-->src\main\AndroidManifest.xml:14:9-23:20
25            android:name="com.techroneapps.premier_fun_quiz.MainActivity"
25-->src\main\AndroidManifest.xml:14:19-80
26            android:configChanges="keyboardHidden|orientation|screenSize"
26-->src\main\AndroidManifest.xml:15:13-74
27            android:exported="true"
27-->src\main\AndroidManifest.xml:17:13-36
28            android:screenOrientation="portrait" >
28-->src\main\AndroidManifest.xml:16:13-49
29            <intent-filter>
29-->src\main\AndroidManifest.xml:18:13-22:29
30                <action android:name="android.intent.action.MAIN" />
30-->src\main\AndroidManifest.xml:19:17-69
30-->src\main\AndroidManifest.xml:19:25-66
31
32                <category android:name="android.intent.category.LAUNCHER" />
32-->src\main\AndroidManifest.xml:21:17-77
32-->src\main\AndroidManifest.xml:21:27-74
33            </intent-filter>
34        </activity>
35
36        <meta-data
36-->src\main\AndroidManifest.xml:25:9-27:70
37            android:name="com.google.android.gms.ads.APPLICATION_ID"
37-->src\main\AndroidManifest.xml:26:13-69
38            android:value="ca-app-pub-9389931243936913~2671285475" />
38-->src\main\AndroidManifest.xml:27:13-67
39        <meta-data
39-->[com.android.billingclient:billing:4.0.0] AndroidManifest.xml:13:9-15:37
40            android:name="com.google.android.play.billingclient.version"
40-->[com.android.billingclient:billing:4.0.0] AndroidManifest.xml:14:13-73
41            android:value="4.0.0" />
41-->[com.android.billingclient:billing:4.0.0] AndroidManifest.xml:15:13-34
42
43        <activity
43-->[com.android.billingclient:billing:4.0.0] AndroidManifest.xml:17:9-21:75
44            android:name="com.android.billingclient.api.ProxyBillingActivity"
44-->[com.android.billingclient:billing:4.0.0] AndroidManifest.xml:18:13-78
45            android:configChanges="keyboard|keyboardHidden|screenLayout|screenSize|orientation"
45-->[com.android.billingclient:billing:4.0.0] AndroidManifest.xml:19:13-96
46            android:exported="false"
46-->[com.android.billingclient:billing:4.0.0] AndroidManifest.xml:20:13-37
47            android:theme="@android:style/Theme.Translucent.NoTitleBar" /> <!-- Include the AdActivity and InAppPurchaseActivity configChanges and themes. -->
47-->[com.android.billingclient:billing:4.0.0] AndroidManifest.xml:21:13-72
48        <activity
48-->[com.google.android.gms:play-services-ads-lite:19.3.0] AndroidManifest.xml:29:9-33:64
49            android:name="com.google.android.gms.ads.AdActivity"
49-->[com.google.android.gms:play-services-ads-lite:19.3.0] AndroidManifest.xml:30:13-65
50            android:configChanges="keyboard|keyboardHidden|orientation|screenLayout|uiMode|screenSize|smallestScreenSize"
50-->[com.google.android.gms:play-services-ads-lite:19.3.0] AndroidManifest.xml:31:13-122
51            android:exported="false"
51-->[com.google.android.gms:play-services-ads-lite:19.3.0] AndroidManifest.xml:32:13-37
52            android:theme="@android:style/Theme.Translucent" />
52-->[com.google.android.gms:play-services-ads-lite:19.3.0] AndroidManifest.xml:33:13-61
53
54        <provider
54-->[com.google.android.gms:play-services-ads-lite:19.3.0] AndroidManifest.xml:35:9-39:39
55            android:name="com.google.android.gms.ads.MobileAdsInitProvider"
55-->[com.google.android.gms:play-services-ads-lite:19.3.0] AndroidManifest.xml:36:13-76
56            android:authorities="com.techroneapps.premierfunquiz.mobileadsinitprovider"
56-->[com.google.android.gms:play-services-ads-lite:19.3.0] AndroidManifest.xml:37:13-73
57            android:exported="false"
57-->[com.google.android.gms:play-services-ads-lite:19.3.0] AndroidManifest.xml:38:13-37
58            android:initOrder="100" />
58-->[com.google.android.gms:play-services-ads-lite:19.3.0] AndroidManifest.xml:39:13-36
59
60        <meta-data
60-->[com.google.android.gms:play-services-basement:17.0.0] AndroidManifest.xml:23:9-25:69
61            android:name="com.google.android.gms.version"
61-->[com.google.android.gms:play-services-basement:17.0.0] AndroidManifest.xml:24:13-58
62            android:value="@integer/google_play_services_version" />
62-->[com.google.android.gms:play-services-basement:17.0.0] AndroidManifest.xml:25:13-66
63    </application>
64
65</manifest>